<?xml version="1.0" encoding="UTF-8"?>
<!-- Generated by org.testng.reporters.JUnitReportReporter -->
<testsuite hostname="DESKTOP-FK0DLIO" failures="0" tests="1" name="com.test.UserServiceTest" time="0.026" errors="0" timestamp="2024-05-23T15:02:29 IST" skipped="0">
  <testcase classname="com.test.UserServiceTest" name="testValidUserRegistration" time="0.026"/>
  <system-out/>
</testsuite> <!-- com.test.UserServiceTest -->
