<?xml version="1.0" encoding="UTF-8"?>
<!-- Generated by org.testng.reporters.JUnitReportReporter -->
<testsuite hostname="DESKTOP-FK0DLIO" failures="0" tests="2" name="com.Utils.ExtentReport" time="20.344" errors="0" timestamp="2024-05-30T10:56:10 IST" skipped="0">
  <testcase classname="com.Utils.ExtentReport" name="facebookLoginTest" time="11.085"/>
  <system-out/>
  <testcase classname="com.Utils.ExtentReport" name="facebookLoginTest" time="9.259"/>
  <system-out/>
</testsuite> <!-- com.Utils.ExtentReport -->
