<?xml version="1.0" encoding="UTF-8"?>
<!-- Generated by org.testng.reporters.JUnitReportReporter -->
<testsuite hostname="DESKTOP-FK0DLIO" failures="0" tests="2" name="com.Utils.ExtentReport" time="14.997" errors="0" timestamp="2024-06-06T11:32:22 IST" skipped="0">
  <testcase classname="com.Utils.ExtentReport" name="facebookLoginTest" time="9.210"/>
  <system-out/>
  <testcase classname="com.Utils.ExtentReport" name="facebookLoginTest" time="5.787"/>
  <system-out/>
</testsuite> <!-- com.Utils.ExtentReport -->
